#
# A fatal error has been detected by the Java Runtime Environment:
#
#  Internal Error (javaClasses.cpp:139), pid=10402, tid=139778930910976
#  fatal error: Invalid layout of preloaded class
#
# JRE version:  (7.0_65-b32) (build )
# Java VM: OpenJDK 64-Bit Server VM (24.65-b04 mixed mode linux-amd64 compressed oops)
# Failed to write core dump. Core dumps have been disabled. To enable core dumping, try "ulimit -c unlimited" before starting Java again
#
# If you would like to submit a bug report, please include
# instructions on how to reproduce the bug and visit:
#   http://icedtea.classpath.org/bugzilla
#

---------------  T H R E A D  ---------------

Current thread (0x00007f20c800a000):  JavaThread "Unknown thread" [_thread_in_vm, id=10404, stack(0x00007f20d1762000,0x00007f20d1863000)]

Stack: [0x00007f20d1762000,0x00007f20d1863000],  sp=0x00007f20d1861900,  free space=1022k
Native frames: (J=compiled Java code, j=interpreted, Vv=VM code, C=native code)
V  [libjvm.so+0x948635]  VMError::report_and_die()+0x175
V  [libjvm.so+0x48b874]  report_fatal(char const*, int, char const*)+0x54
V  [libjvm.so+0x5e89b0]  compute_offset(int&, klassOopDesc*, Symbol*, Symbol*, bool) [clone .constprop.121]+0xc0
V  [libjvm.so+0x5e8a86]  java_lang_String::compute_offsets()+0x36
V  [libjvm.so+0x8ce24c]  SystemDictionary::initialize_preloaded_classes(Thread*)+0xcc
V  [libjvm.so+0x919b38]  Universe::genesis(Thread*)+0x468
V  [libjvm.so+0x91a144]  universe2_init()+0x24
V  [libjvm.so+0x59cf6a]  init_globals()+0x9a
V  [libjvm.so+0x8fcf1f]  Threads::create_vm(JavaVMInitArgs*, bool*)+0x35f
V  [libjvm.so+0x608284]  JNI_CreateJavaVM+0x54
C  [libjli.so+0x2b48]


---------------  P R O C E S S  ---------------

Java Threads: ( => current thread )

Other Threads:

=>0x00007f20c800a000 (exited) JavaThread "Unknown thread" [_thread_in_vm, id=10404, stack(0x00007f20d1762000,0x00007f20d1863000)]

VM state:not at safepoint (not fully initialized)

VM Mutex/Monitor currently owned by a thread: None

GC Heap History (0 events):
No events

Deoptimization events (0 events):
No events

Internal exceptions (0 events):
No events

Events (10 events):
Event: 0.014 loading class 0x00007f20ccf9e6f0 done
Event: 0.014 loading class 0x00007f20ccf9e110 done
Event: 0.014 loading class 0x00007f20ccf9e0f0
Event: 0.014 loading class 0x00007f20ccfa6180
Event: 0.015 loading class 0x00007f20ccfa6180 done
Event: 0.015 loading class 0x00007f20ccfa61b0
Event: 0.015 loading class 0x00007f20ccfa61b0 done
Event: 0.015 loading class 0x00007f20ccfa61e0
Event: 0.015 loading class 0x00007f20ccfa61e0 done
Event: 0.015 loading class 0x00007f20ccf9e0f0 done


Dynamic libraries:
00400000-00401000 r-xp 00000000 08:05 929682                             /usr/lib/jvm/java-7-openjdk-amd64/jre/bin/java
00600000-00601000 r--p 00000000 08:05 929682                             /usr/lib/jvm/java-7-openjdk-amd64/jre/bin/java
00601000-00602000 rw-p 00001000 08:05 929682                             /usr/lib/jvm/java-7-openjdk-amd64/jre/bin/java
01e92000-01eb3000 rw-p 00000000 00:00 0                                  [heap]
779000000-77a500000 rw-p 00000000 00:00 0 
77a500000-783600000 rw-p 00000000 00:00 0 
783600000-788900000 rw-p 00000000 00:00 0 
788900000-7d6700000 rw-p 00000000 00:00 0 
7d6700000-7d9080000 rw-p 00000000 00:00 0 
7d9080000-800000000 rw-p 00000000 00:00 0 
7f2097c80000-7f209c000000 rw-p 00000000 00:00 0 
7f209c000000-7f209c021000 rw-p 00000000 00:00 0 
7f209c021000-7f20a0000000 ---p 00000000 00:00 0 
7f20a4000000-7f20a4021000 rw-p 00000000 00:00 0 
7f20a4021000-7f20a8000000 ---p 00000000 00:00 0 
7f20a8000000-7f20a8021000 rw-p 00000000 00:00 0 
7f20a8021000-7f20ac000000 ---p 00000000 00:00 0 
7f20ac000000-7f20ac021000 rw-p 00000000 00:00 0 
7f20ac021000-7f20b0000000 ---p 00000000 00:00 0 
7f20b0000000-7f20b0021000 rw-p 00000000 00:00 0 
7f20b0021000-7f20b4000000 ---p 00000000 00:00 0 
7f20b8000000-7f20b8021000 rw-p 00000000 00:00 0 
7f20b8021000-7f20bc000000 ---p 00000000 00:00 0 
7f20bc000000-7f20bc021000 rw-p 00000000 00:00 0 
7f20bc021000-7f20c0000000 ---p 00000000 00:00 0 
7f20c0000000-7f20c0021000 rw-p 00000000 00:00 0 
7f20c0021000-7f20c4000000 ---p 00000000 00:00 0 
7f20c5000000-7f20c5270000 rwxp 00000000 00:00 0 
7f20c5270000-7f20c805d000 rw-p 00000000 00:00 0 
7f20c805d000-7f20cc000000 ---p 00000000 00:00 0 
7f20ccbf0000-7f20cce51000 rw-p 00000000 00:00 0 
7f20cce51000-7f20ccf28000 r--s 013fe000 08:07 790263                     /home/kevin/Development/Source/Android/platforms/android-19/android.jar
7f20ccf28000-7f20cd484000 rw-p 00000000 00:00 0 
7f20cd484000-7f20cd485000 ---p 00000000 00:00 0 
7f20cd485000-7f20cd585000 rw-p 00000000 00:00 0                          [stack:10412]
7f20cd585000-7f20cd586000 ---p 00000000 00:00 0 
7f20cd586000-7f20cd686000 rw-p 00000000 00:00 0                          [stack:10411]
7f20cd686000-7f20cd687000 ---p 00000000 00:00 0 
7f20cd687000-7f20cd787000 rw-p 00000000 00:00 0                          [stack:10410]
7f20cd787000-7f20cd788000 ---p 00000000 00:00 0 
7f20cd788000-7f20cd888000 rw-p 00000000 00:00 0                          [stack:10409]
7f20cd888000-7f20cd889000 ---p 00000000 00:00 0 
7f20cd889000-7f20cd989000 rw-p 00000000 00:00 0                          [stack:10408]
7f20cd989000-7f20cd98a000 ---p 00000000 00:00 0 
7f20cd98a000-7f20cda8a000 rw-p 00000000 00:00 0                          [stack:10407]
7f20cda8a000-7f20cda8b000 ---p 00000000 00:00 0 
7f20cda8b000-7f20cdb8b000 rw-p 00000000 00:00 0                          [stack:10406]
7f20cdb8b000-7f20cdb8c000 ---p 00000000 00:00 0 
7f20cdb8c000-7f20cdc97000 rw-p 00000000 00:00 0                          [stack:10405]
7f20cdc97000-7f20cdcdf000 rw-p 00000000 00:00 0 
7f20cdcdf000-7f20cdd09000 rw-p 00000000 00:00 0 
7f20cdd09000-7f20cdf78000 rw-p 00000000 00:00 0 
7f20cdf78000-7f20cdf83000 rw-p 00000000 00:00 0 
7f20cdf83000-7f20cdfcb000 rw-p 00000000 00:00 0 
7f20cdfcb000-7f20cdff5000 rw-p 00000000 00:00 0 
7f20cdff5000-7f20ce263000 rw-p 00000000 00:00 0 
7f20ce263000-7f20ce279000 rw-p 00000000 00:00 0 
7f20ce279000-7f20ce3b0000 rw-p 00000000 00:00 0 
7f20ce3b0000-7f20ce3b1000 rw-p 00000000 00:00 0 
7f20ce3b1000-7f20ce3b9000 r-xp 00000000 08:05 922365                     /usr/lib/jvm/java-7-openjdk-amd64/jre/lib/amd64/libzip.so
7f20ce3b9000-7f20ce5b8000 ---p 00008000 08:05 922365                     /usr/lib/jvm/java-7-openjdk-amd64/jre/lib/amd64/libzip.so
7f20ce5b8000-7f20ce5b9000 r--p 00007000 08:05 922365                     /usr/lib/jvm/java-7-openjdk-amd64/jre/lib/amd64/libzip.so
7f20ce5b9000-7f20ce5ba000 rw-p 00008000 08:05 922365                     /usr/lib/jvm/java-7-openjdk-amd64/jre/lib/amd64/libzip.so
7f20ce5ba000-7f20ce5c5000 r-xp 00000000 08:05 661246                     /lib/x86_64-linux-gnu/libnss_files-2.19.so
7f20ce5c5000-7f20ce7c4000 ---p 0000b000 08:05 661246                     /lib/x86_64-linux-gnu/libnss_files-2.19.so
7f20ce7c4000-7f20ce7c5000 r--p 0000a000 08:05 661246                     /lib/x86_64-linux-gnu/libnss_files-2.19.so
7f20ce7c5000-7f20ce7c6000 rw-p 0000b000 08:05 661246                     /lib/x86_64-linux-gnu/libnss_files-2.19.so
7f20ce7c6000-7f20ce7d1000 r-xp 00000000 08:05 661248                     /lib/x86_64-linux-gnu/libnss_nis-2.19.so
7f20ce7d1000-7f20ce9d0000 ---p 0000b000 08:05 661248                     /lib/x86_64-linux-gnu/libnss_nis-2.19.so
7f20ce9d0000-7f20ce9d1000 r--p 0000a000 08:05 661248                     /lib/x86_64-linux-gnu/libnss_nis-2.19.so
7f20ce9d1000-7f20ce9d2000 rw-p 0000b000 08:05 661248                     /lib/x86_64-linux-gnu/libnss_nis-2.19.so
7f20ce9d2000-7f20ce9e9000 r-xp 00000000 08:05 661217                     /lib/x86_64-linux-gnu/libnsl-2.19.so
7f20ce9e9000-7f20cebe8000 ---p 00017000 08:05 661217                     /lib/x86_64-linux-gnu/libnsl-2.19.so
7f20cebe8000-7f20cebe9000 r--p 00016000 08:05 661217                     /lib/x86_64-linux-gnu/libnsl-2.19.so
7f20cebe9000-7f20cebea000 rw-p 00017000 08:05 661217                     /lib/x86_64-linux-gnu/libnsl-2.19.so
7f20cebea000-7f20cebec000 rw-p 00000000 00:00 0 
7f20cebec000-7f20cebf5000 r-xp 00000000 08:05 661191                     /lib/x86_64-linux-gnu/libnss_compat-2.19.so
7f20cebf5000-7f20cedf4000 ---p 00009000 08:05 661191                     /lib/x86_64-linux-gnu/libnss_compat-2.19.so
7f20cedf4000-7f20cedf5000 r--p 00008000 08:05 661191                     /lib/x86_64-linux-gnu/libnss_compat-2.19.so
7f20cedf5000-7f20cedf6000 rw-p 00009000 08:05 661191                     /lib/x86_64-linux-gnu/libnss_compat-2.19.so
7f20cedf6000-7f20cee21000 r-xp 00000000 08:05 918747                     /usr/lib/jvm/java-7-openjdk-amd64/jre/lib/amd64/libjava.so
7f20cee21000-7f20cf021000 ---p 0002b000 08:05 918747                     /usr/lib/jvm/java-7-openjdk-amd64/jre/lib/amd64/libjava.so
7f20cf021000-7f20cf022000 r--p 0002b000 08:05 918747                     /usr/lib/jvm/java-7-openjdk-amd64/jre/lib/amd64/libjava.so
7f20cf022000-7f20cf024000 rw-p 0002c000 08:05 918747                     /usr/lib/jvm/java-7-openjdk-amd64/jre/lib/amd64/libjava.so
7f20cf024000-7f20cf034000 r-xp 00000000 08:05 929620                     /usr/lib/jvm/java-7-openjdk-amd64/jre/lib/amd64/libverify.so
7f20cf034000-7f20cf233000 ---p 00010000 08:05 929620                     /usr/lib/jvm/java-7-openjdk-amd64/jre/lib/amd64/libverify.so
7f20cf233000-7f20cf235000 r--p 0000f000 08:05 929620                     /usr/lib/jvm/java-7-openjdk-amd64/jre/lib/amd64/libverify.so
7f20cf235000-7f20cf236000 rw-p 00011000 08:05 929620                     /usr/lib/jvm/java-7-openjdk-amd64/jre/lib/amd64/libverify.so
7f20cf236000-7f20cf23d000 r-xp 00000000 08:05 661222                     /lib/x86_64-linux-gnu/librt-2.19.so
7f20cf23d000-7f20cf43c000 ---p 00007000 08:05 661222                     /lib/x86_64-linux-gnu/librt-2.19.so
7f20cf43c000-7f20cf43d000 r--p 00006000 08:05 661222                     /lib/x86_64-linux-gnu/librt-2.19.so
7f20cf43d000-7f20cf43e000 rw-p 00007000 08:05 661222                     /lib/x86_64-linux-gnu/librt-2.19.so
7f20cf43e000-7f20cf454000 r-xp 00000000 08:05 658656                     /lib/x86_64-linux-gnu/libgcc_s.so.1
7f20cf454000-7f20cf653000 ---p 00016000 08:05 658656                     /lib/x86_64-linux-gnu/libgcc_s.so.1
7f20cf653000-7f20cf654000 rw-p 00015000 08:05 658656                     /lib/x86_64-linux-gnu/libgcc_s.so.1
7f20cf654000-7f20cf759000 r-xp 00000000 08:05 661238                     /lib/x86_64-linux-gnu/libm-2.19.so
7f20cf759000-7f20cf958000 ---p 00105000 08:05 661238                     /lib/x86_64-linux-gnu/libm-2.19.so
7f20cf958000-7f20cf959000 r--p 00104000 08:05 661238                     /lib/x86_64-linux-gnu/libm-2.19.so
7f20cf959000-7f20cf95a000 rw-p 00105000 08:05 661238                     /lib/x86_64-linux-gnu/libm-2.19.so
7f20cf95a000-7f20cfa40000 r-xp 00000000 08:05 927722                     /usr/lib/x86_64-linux-gnu/libstdc++.so.6.0.19
7f20cfa40000-7f20cfc3f000 ---p 000e6000 08:05 927722                     /usr/lib/x86_64-linux-gnu/libstdc++.so.6.0.19
7f20cfc3f000-7f20cfc47000 r--p 000e5000 08:05 927722                     /usr/lib/x86_64-linux-gnu/libstdc++.so.6.0.19
7f20cfc47000-7f20cfc49000 rw-p 000ed000 08:05 927722                     /usr/lib/x86_64-linux-gnu/libstdc++.so.6.0.19
7f20cfc49000-7f20cfc5e000 rw-p 00000000 00:00 0 
7f20cfc5e000-7f20d0774000 r-xp 00000000 08:05 929633                     /usr/lib/jvm/java-7-openjdk-amd64/jre/lib/amd64/server/libjvm.so
7f20d0774000-7f20d0973000 ---p 00b16000 08:05 929633                     /usr/lib/jvm/java-7-openjdk-amd64/jre/lib/amd64/server/libjvm.so
7f20d0973000-7f20d0a0d000 r--p 00b15000 08:05 929633                     /usr/lib/jvm/java-7-openjdk-amd64/jre/lib/amd64/server/libjvm.so
7f20d0a0d000-7f20d0a30000 rw-p 00baf000 08:05 929633                     /usr/lib/jvm/java-7-openjdk-amd64/jre/lib/amd64/server/libjvm.so
7f20d0a30000-7f20d0a5e000 rw-p 00000000 00:00 0 
7f20d0a5e000-7f20d0a76000 r-xp 00000000 08:05 658791                     /lib/x86_64-linux-gnu/libz.so.1.2.8
7f20d0a76000-7f20d0c75000 ---p 00018000 08:05 658791                     /lib/x86_64-linux-gnu/libz.so.1.2.8
7f20d0c75000-7f20d0c76000 r--p 00017000 08:05 658791                     /lib/x86_64-linux-gnu/libz.so.1.2.8
7f20d0c76000-7f20d0c77000 rw-p 00018000 08:05 658791                     /lib/x86_64-linux-gnu/libz.so.1.2.8
7f20d0c77000-7f20d0c90000 r-xp 00000000 08:05 661256                     /lib/x86_64-linux-gnu/libpthread-2.19.so
7f20d0c90000-7f20d0e8f000 ---p 00019000 08:05 661256                     /lib/x86_64-linux-gnu/libpthread-2.19.so
7f20d0e8f000-7f20d0e90000 r--p 00018000 08:05 661256                     /lib/x86_64-linux-gnu/libpthread-2.19.so
7f20d0e90000-7f20d0e91000 rw-p 00019000 08:05 661256                     /lib/x86_64-linux-gnu/libpthread-2.19.so
7f20d0e91000-7f20d0e95000 rw-p 00000000 00:00 0 
7f20d0e95000-7f20d0e98000 r-xp 00000000 08:05 661255                     /lib/x86_64-linux-gnu/libdl-2.19.so
7f20d0e98000-7f20d1097000 ---p 00003000 08:05 661255                     /lib/x86_64-linux-gnu/libdl-2.19.so
7f20d1097000-7f20d1098000 r--p 00002000 08:05 661255                     /lib/x86_64-linux-gnu/libdl-2.19.so
7f20d1098000-7f20d1099000 rw-p 00003000 08:05 661255                     /lib/x86_64-linux-gnu/libdl-2.19.so
7f20d1099000-7f20d1254000 r-xp 00000000 08:05 661230                     /lib/x86_64-linux-gnu/libc-2.19.so
7f20d1254000-7f20d1454000 ---p 001bb000 08:05 661230                     /lib/x86_64-linux-gnu/libc-2.19.so
7f20d1454000-7f20d1458000 r--p 001bb000 08:05 661230                     /lib/x86_64-linux-gnu/libc-2.19.so
7f20d1458000-7f20d145a000 rw-p 001bf000 08:05 661230                     /lib/x86_64-linux-gnu/libc-2.19.so
7f20d145a000-7f20d145f000 rw-p 00000000 00:00 0 
7f20d145f000-7f20d146c000 r-xp 00000000 08:05 929638                     /usr/lib/jvm/java-7-openjdk-amd64/jre/lib/amd64/jli/libjli.so
7f20d146c000-7f20d166b000 ---p 0000d000 08:05 929638                     /usr/lib/jvm/java-7-openjdk-amd64/jre/lib/amd64/jli/libjli.so
7f20d166b000-7f20d166c000 r--p 0000c000 08:05 929638                     /usr/lib/jvm/java-7-openjdk-amd64/jre/lib/amd64/jli/libjli.so
7f20d166c000-7f20d166d000 rw-p 0000d000 08:05 929638                     /usr/lib/jvm/java-7-openjdk-amd64/jre/lib/amd64/jli/libjli.so
7f20d166d000-7f20d1690000 r-xp 00000000 08:05 661234                     /lib/x86_64-linux-gnu/ld-2.19.so
7f20d16a2000-7f20d16ac000 rw-p 00000000 00:00 0 
7f20d16ac000-7f20d1762000 rw-p 00000000 00:00 0 
7f20d1762000-7f20d1765000 ---p 00000000 00:00 0 
7f20d1765000-7f20d1868000 rw-p 00000000 00:00 0                          [stack:10404]
7f20d1881000-7f20d1883000 rw-p 00000000 00:00 0 
7f20d1883000-7f20d188b000 rw-s 00000000 08:05 8496                       /tmp/hsperfdata_kevin/10402
7f20d188b000-7f20d188c000 rw-p 00000000 00:00 0 
7f20d188c000-7f20d188d000 r--p 00000000 00:00 0 
7f20d188d000-7f20d188f000 rw-p 00000000 00:00 0 
7f20d188f000-7f20d1890000 r--p 00022000 08:05 661234                     /lib/x86_64-linux-gnu/ld-2.19.so
7f20d1890000-7f20d1891000 rw-p 00023000 08:05 661234                     /lib/x86_64-linux-gnu/ld-2.19.so
7f20d1891000-7f20d1892000 rw-p 00000000 00:00 0 
7fff3a4de000-7fff3a4ff000 rw-p 00000000 00:00 0                          [stack]
7fff3a5dc000-7fff3a5de000 r-xp 00000000 00:00 0                          [vdso]
ffffffffff600000-ffffffffff601000 r-xp 00000000 00:00 0                  [vsyscall]

VM Arguments:
jvm_args: -Dfile.encoding=UTF-8 -Xbootclasspath:/home/kevin/Development/Source/Android/platforms/android-19/android.jar 
java_command: com.ksp.database.MessageHandler
Launcher Type: SUN_STANDARD

Environment Variables:
PATH=/usr/local/sbin:/usr/local/bin:/usr/sbin:/usr/bin:/sbin:/bin:/usr/games:/usr/local/games:/home/kevin/.rvm/bin
USERNAME=kevin
SHELL=/bin/bash
DISPLAY=:0

Signal Handlers:
SIGSEGV: [libjvm.so+0x949110], sa_mask[0]=0x7ffbfeff, sa_flags=0x10000004
SIGBUS: [libjvm.so+0x949110], sa_mask[0]=0x7ffbfeff, sa_flags=0x10000004
SIGFPE: [libjvm.so+0x7c2e80], sa_mask[0]=0x7ffbfeff, sa_flags=0x10000004
SIGPIPE: [libjvm.so+0x7c2e80], sa_mask[0]=0x7ffbfeff, sa_flags=0x10000004
SIGXFSZ: [libjvm.so+0x7c2e80], sa_mask[0]=0x7ffbfeff, sa_flags=0x10000004
SIGILL: [libjvm.so+0x7c2e80], sa_mask[0]=0x7ffbfeff, sa_flags=0x10000004
SIGUSR1: SIG_DFL, sa_mask[0]=0x00000000, sa_flags=0x00000000
SIGUSR2: [libjvm.so+0x7c2d20], sa_mask[0]=0x00000004, sa_flags=0x10000004
SIGHUP: SIG_DFL, sa_mask[0]=0x00000000, sa_flags=0x00000000
SIGINT: SIG_DFL, sa_mask[0]=0x00000000, sa_flags=0x00000000
SIGTERM: SIG_DFL, sa_mask[0]=0x00000000, sa_flags=0x00000000
SIGQUIT: SIG_DFL, sa_mask[0]=0x00000000, sa_flags=0x00000000
SIGTRAP: SIG_DFL, sa_mask[0]=0x00000000, sa_flags=0x00000000


---------------  S Y S T E M  ---------------

OS:LinuxMint 17 (qiana)
uname:Linux 3.13.0-24-generic #46-Ubuntu SMP Thu Apr 10 19:11:08 UTC 2014 x86_64
libc:glibc 2.19 NPTL 2.19 
rlimit: STACK 8192k, CORE 0k, NPROC 63551, NOFILE 4096, AS infinity
load average:0.26 0.34 0.49

/proc/meminfo:
MemTotal:        8165044 kB
MemFree:         2965396 kB
Buffers:          304680 kB
Cached:          2294824 kB
SwapCached:            0 kB
Active:          2978560 kB
Inactive:        1451444 kB
Active(anon):    1831984 kB
Inactive(anon):    53112 kB
Active(file):    1146576 kB
Inactive(file):  1398332 kB
Unevictable:           0 kB
Mlocked:               0 kB
SwapTotal:      15998972 kB
SwapFree:       15998972 kB
Dirty:                60 kB
Writeback:             0 kB
AnonPages:       1830736 kB
Mapped:           350396 kB
Shmem:             54556 kB
Slab:             578528 kB
SReclaimable:     533264 kB
SUnreclaim:        45264 kB
KernelStack:        5120 kB
PageTables:        48308 kB
NFS_Unstable:          0 kB
Bounce:                0 kB
WritebackTmp:          0 kB
CommitLimit:    20081492 kB
Committed_AS:    5505480 kB
VmallocTotal:   34359738367 kB
VmallocUsed:      322680 kB
VmallocChunk:   34359408124 kB
HardwareCorrupted:     0 kB
AnonHugePages:    712704 kB
HugePages_Total:       0
HugePages_Free:        0
HugePages_Rsvd:        0
HugePages_Surp:        0
Hugepagesize:       2048 kB
DirectMap4k:      234392 kB
DirectMap2M:     8142848 kB


CPU:total 8 (4 cores per cpu, 2 threads per core) family 6 model 30 stepping 5, cmov, cx8, fxsr, mmx, sse, sse2, sse3, ssse3, sse4.1, sse4.2, popcnt, ht, tsc, tscinvbit

/proc/cpuinfo:
processor	: 0
vendor_id	: GenuineIntel
cpu family	: 6
model		: 30
model name	: Intel(R) Core(TM) i7 CPU       Q 740  @ 1.73GHz
stepping	: 5
microcode	: 0x3
cpu MHz		: 931.000
cache size	: 6144 KB
physical id	: 0
siblings	: 8
core id		: 0
cpu cores	: 4
apicid		: 0
initial apicid	: 0
fpu		: yes
fpu_exception	: yes
cpuid level	: 11
wp		: yes
flags		: fpu vme de pse tsc msr pae mce cx8 apic sep mtrr pge mca cmov pat pse36 clflush dts acpi mmx fxsr sse sse2 ss ht tm pbe syscall nx rdtscp lm constant_tsc arch_perfmon pebs bts rep_good nopl xtopology nonstop_tsc aperfmperf pni dtes64 monitor ds_cpl vmx smx est tm2 ssse3 cx16 xtpr pdcm sse4_1 sse4_2 popcnt lahf_lm ida dtherm tpr_shadow vnmi flexpriority ept vpid
bogomips	: 3457.74
clflush size	: 64
cache_alignment	: 64
address sizes	: 36 bits physical, 48 bits virtual
power management:

processor	: 1
vendor_id	: GenuineIntel
cpu family	: 6
model		: 30
model name	: Intel(R) Core(TM) i7 CPU       Q 740  @ 1.73GHz
stepping	: 5
microcode	: 0x3
cpu MHz		: 1730.000
cache size	: 6144 KB
physical id	: 0
siblings	: 8
core id		: 1
cpu cores	: 4
apicid		: 2
initial apicid	: 2
fpu		: yes
fpu_exception	: yes
cpuid level	: 11
wp		: yes
flags		: fpu vme de pse tsc msr pae mce cx8 apic sep mtrr pge mca cmov pat pse36 clflush dts acpi mmx fxsr sse sse2 ss ht tm pbe syscall nx rdtscp lm constant_tsc arch_perfmon pebs bts rep_good nopl xtopology nonstop_tsc aperfmperf pni dtes64 monitor ds_cpl vmx smx est tm2 ssse3 cx16 xtpr pdcm sse4_1 sse4_2 popcnt lahf_lm ida dtherm tpr_shadow vnmi flexpriority ept vpid
bogomips	: 3457.74
clflush size	: 64
cache_alignment	: 64
address sizes	: 36 bits physical, 48 bits virtual
power management:

processor	: 2
vendor_id	: GenuineIntel
cpu family	: 6
model		: 30
model name	: Intel(R) Core(TM) i7 CPU       Q 740  @ 1.73GHz
stepping	: 5
microcode	: 0x3
cpu MHz		: 1730.000
cache size	: 6144 KB
physical id	: 0
siblings	: 8
core id		: 2
cpu cores	: 4
apicid		: 4
initial apicid	: 4
fpu		: yes
fpu_exception	: yes
cpuid level	: 11
wp		: yes
flags		: fpu vme de pse tsc msr pae mce cx8 apic sep mtrr pge mca cmov pat pse36 clflush dts acpi mmx fxsr sse sse2 ss ht tm pbe syscall nx rdtscp lm constant_tsc arch_perfmon pebs bts rep_good nopl xtopology nonstop_tsc aperfmperf pni dtes64 monitor ds_cpl vmx smx est tm2 ssse3 cx16 xtpr pdcm sse4_1 sse4_2 popcnt lahf_lm ida dtherm tpr_shadow vnmi flexpriority ept vpid
bogomips	: 3457.74
clflush size	: 64
cache_alignment	: 64
address sizes	: 36 bits physical, 48 bits virtual
power management:

processor	: 3
vendor_id	: GenuineIntel
cpu family	: 6
model		: 30
model name	: Intel(R) Core(TM) i7 CPU       Q 740  @ 1.73GHz
stepping	: 5
microcode	: 0x3
cpu MHz		: 931.000
cache size	: 6144 KB
physical id	: 0
siblings	: 8
core id		: 3
cpu cores	: 4
apicid		: 6
initial apicid	: 6
fpu		: yes
fpu_exception	: yes
cpuid level	: 11
wp		: yes
flags		: fpu vme de pse tsc msr pae mce cx8 apic sep mtrr pge mca cmov pat pse36 clflush dts acpi mmx fxsr sse sse2 ss ht tm pbe syscall nx rdtscp lm constant_tsc arch_perfmon pebs bts rep_good nopl xtopology nonstop_tsc aperfmperf pni dtes64 monitor ds_cpl vmx smx est tm2 ssse3 cx16 xtpr pdcm sse4_1 sse4_2 popcnt lahf_lm ida dtherm tpr_shadow vnmi flexpriority ept vpid
bogomips	: 3457.74
clflush size	: 64
cache_alignment	: 64
address sizes	: 36 bits physical, 48 bits virtual
power management:

processor	: 4
vendor_id	: GenuineIntel
cpu family	: 6
model		: 30
model name	: Intel(R) Core(TM) i7 CPU       Q 740  @ 1.73GHz
stepping	: 5
microcode	: 0x3
cpu MHz		: 931.000
cache size	: 6144 KB
physical id	: 0
siblings	: 8
core id		: 0
cpu cores	: 4
apicid		: 1
initial apicid	: 1
fpu		: yes
fpu_exception	: yes
cpuid level	: 11
wp		: yes
flags		: fpu vme de pse tsc msr pae mce cx8 apic sep mtrr pge mca cmov pat pse36 clflush dts acpi mmx fxsr sse sse2 ss ht tm pbe syscall nx rdtscp lm constant_tsc arch_perfmon pebs bts rep_good nopl xtopology nonstop_tsc aperfmperf pni dtes64 monitor ds_cpl vmx smx est tm2 ssse3 cx16 xtpr pdcm sse4_1 sse4_2 popcnt lahf_lm ida dtherm tpr_shadow vnmi flexpriority ept vpid
bogomips	: 3457.74
clflush size	: 64
cache_alignment	: 64
address sizes	: 36 bits physical, 48 bits virtual
power management:

processor	: 5
vendor_id	: GenuineIntel
cpu family	: 6
model		: 30
model name	: Intel(R) Core(TM) i7 CPU       Q 740  @ 1.73GHz
stepping	: 5
microcode	: 0x3
cpu MHz		: 931.000
cache size	: 6144 KB
physical id	: 0
siblings	: 8
core id		: 1
cpu cores	: 4
apicid		: 3
initial apicid	: 3
fpu		: yes
fpu_exception	: yes
cpuid level	: 11
wp		: yes
flags		: fpu vme de pse tsc msr pae mce cx8 apic sep mtrr pge mca cmov pat pse36 clflush dts acpi mmx fxsr sse sse2 ss ht tm pbe syscall nx rdtscp lm constant_tsc arch_perfmon pebs bts rep_good nopl xtopology nonstop_tsc aperfmperf pni dtes64 monitor ds_cpl vmx smx est tm2 ssse3 cx16 xtpr pdcm sse4_1 sse4_2 popcnt lahf_lm ida dtherm tpr_shadow vnmi flexpriority ept vpid
bogomips	: 3457.74
clflush size	: 64
cache_alignment	: 64
address sizes	: 36 bits physical, 48 bits virtual
power management:

processor	: 6
vendor_id	: GenuineIntel
cpu family	: 6
model		: 30
model name	: Intel(R) Core(TM) i7 CPU       Q 740  @ 1.73GHz
stepping	: 5
microcode	: 0x3
cpu MHz		: 1596.000
cache size	: 6144 KB
physical id	: 0
siblings	: 8
core id		: 2
cpu cores	: 4
apicid		: 5
initial apicid	: 5
fpu		: yes
fpu_exception	: yes
cpuid level	: 11
wp		: yes
flags		: fpu vme de pse tsc msr pae mce cx8 apic sep mtrr pge mca cmov pat pse36 clflush dts acpi mmx fxsr sse sse2 ss ht tm pbe syscall nx rdtscp lm constant_tsc arch_perfmon pebs bts rep_good nopl xtopology nonstop_tsc aperfmperf pni dtes64 monitor ds_cpl vmx smx est tm2 ssse3 cx16 xtpr pdcm sse4_1 sse4_2 popcnt lahf_lm ida dtherm tpr_shadow vnmi flexpriority ept vpid
bogomips	: 3457.74
clflush size	: 64
cache_alignment	: 64
address sizes	: 36 bits physical, 48 bits virtual
power management:

processor	: 7
vendor_id	: GenuineIntel
cpu family	: 6
model		: 30
model name	: Intel(R) Core(TM) i7 CPU       Q 740  @ 1.73GHz
stepping	: 5
microcode	: 0x3
cpu MHz		: 1730.000
cache size	: 6144 KB
physical id	: 0
siblings	: 8
core id		: 3
cpu cores	: 4
apicid		: 7
initial apicid	: 7
fpu		: yes
fpu_exception	: yes
cpuid level	: 11
wp		: yes
flags		: fpu vme de pse tsc msr pae mce cx8 apic sep mtrr pge mca cmov pat pse36 clflush dts acpi mmx fxsr sse sse2 ss ht tm pbe syscall nx rdtscp lm constant_tsc arch_perfmon pebs bts rep_good nopl xtopology nonstop_tsc aperfmperf pni dtes64 monitor ds_cpl vmx smx est tm2 ssse3 cx16 xtpr pdcm sse4_1 sse4_2 popcnt lahf_lm ida dtherm tpr_shadow vnmi flexpriority ept vpid
bogomips	: 3457.74
clflush size	: 64
cache_alignment	: 64
address sizes	: 36 bits physical, 48 bits virtual
power management:



Memory: 4k page, physical 8165044k(2965396k free), swap 15998972k(15998972k free)

vm_info: OpenJDK 64-Bit Server VM (24.65-b04) for linux-amd64 JRE (1.7.0_65-b32), built on Aug 23 2014 13:33:31 by "buildd" with gcc 4.8.2

time: Tue Sep  9 23:45:46 2014
elapsed time: 0 seconds

