#
# A fatal error has been detected by the Java Runtime Environment:
#
#  Internal Error (javaClasses.cpp:139), pid=10440, tid=140557807376128
#  fatal error: Invalid layout of preloaded class
#
# JRE version:  (7.0_65-b32) (build )
# Java VM: OpenJDK 64-Bit Server VM (24.65-b04 mixed mode linux-amd64 compressed oops)
# Failed to write core dump. Core dumps have been disabled. To enable core dumping, try "ulimit -c unlimited" before starting Java again
#
# If you would like to submit a bug report, please include
# instructions on how to reproduce the bug and visit:
#   http://icedtea.classpath.org/bugzilla
#

---------------  T H R E A D  ---------------

Current thread (0x00007fd62000a000):  JavaThread "Unknown thread" [_thread_in_vm, id=10445, stack(0x00007fd62a1dd000,0x00007fd62a2de000)]

Stack: [0x00007fd62a1dd000,0x00007fd62a2de000],  sp=0x00007fd62a2dc900,  free space=1022k
Native frames: (J=compiled Java code, j=interpreted, Vv=VM code, C=native code)
V  [libjvm.so+0x948635]  VMError::report_and_die()+0x175
V  [libjvm.so+0x48b874]  report_fatal(char const*, int, char const*)+0x54
V  [libjvm.so+0x5e89b0]  compute_offset(int&, klassOopDesc*, Symbol*, Symbol*, bool) [clone .constprop.121]+0xc0
V  [libjvm.so+0x5e8a86]  java_lang_String::compute_offsets()+0x36
V  [libjvm.so+0x8ce24c]  SystemDictionary::initialize_preloaded_classes(Thread*)+0xcc
V  [libjvm.so+0x919b38]  Universe::genesis(Thread*)+0x468
V  [libjvm.so+0x91a144]  universe2_init()+0x24
V  [libjvm.so+0x59cf6a]  init_globals()+0x9a
V  [libjvm.so+0x8fcf1f]  Threads::create_vm(JavaVMInitArgs*, bool*)+0x35f
V  [libjvm.so+0x608284]  JNI_CreateJavaVM+0x54
C  [libjli.so+0x2b48]


---------------  P R O C E S S  ---------------

Java Threads: ( => current thread )

Other Threads:

=>0x00007fd62000a000 (exited) JavaThread "Unknown thread" [_thread_in_vm, id=10445, stack(0x00007fd62a1dd000,0x00007fd62a2de000)]

VM state:not at safepoint (not fully initialized)

VM Mutex/Monitor currently owned by a thread: None

GC Heap History (0 events):
No events

Deoptimization events (0 events):
No events

Internal exceptions (0 events):
No events

Events (10 events):
Event: 0.014 loading class 0x00007fd625a196f0 done
Event: 0.014 loading class 0x00007fd625a19110 done
Event: 0.014 loading class 0x00007fd625a190f0
Event: 0.014 loading class 0x00007fd625a21180
Event: 0.014 loading class 0x00007fd625a21180 done
Event: 0.014 loading class 0x00007fd625a211b0
Event: 0.014 loading class 0x00007fd625a211b0 done
Event: 0.014 loading class 0x00007fd625a211e0
Event: 0.014 loading class 0x00007fd625a211e0 done
Event: 0.015 loading class 0x00007fd625a190f0 done


Dynamic libraries:
00400000-00401000 r-xp 00000000 08:05 929682                             /usr/lib/jvm/java-7-openjdk-amd64/jre/bin/java
00600000-00601000 r--p 00000000 08:05 929682                             /usr/lib/jvm/java-7-openjdk-amd64/jre/bin/java
00601000-00602000 rw-p 00001000 08:05 929682                             /usr/lib/jvm/java-7-openjdk-amd64/jre/bin/java
021df000-02200000 rw-p 00000000 00:00 0                                  [heap]
779000000-77a500000 rw-p 00000000 00:00 0 
77a500000-783600000 rw-p 00000000 00:00 0 
783600000-788900000 rw-p 00000000 00:00 0 
788900000-7d6700000 rw-p 00000000 00:00 0 
7d6700000-7d9080000 rw-p 00000000 00:00 0 
7d9080000-800000000 rw-p 00000000 00:00 0 
7fd5f3c80000-7fd5f8000000 rw-p 00000000 00:00 0 
7fd5f8000000-7fd5f8021000 rw-p 00000000 00:00 0 
7fd5f8021000-7fd5fc000000 ---p 00000000 00:00 0 
7fd600000000-7fd600021000 rw-p 00000000 00:00 0 
7fd600021000-7fd604000000 ---p 00000000 00:00 0 
7fd604000000-7fd604021000 rw-p 00000000 00:00 0 
7fd604021000-7fd608000000 ---p 00000000 00:00 0 
7fd608000000-7fd608021000 rw-p 00000000 00:00 0 
7fd608021000-7fd60c000000 ---p 00000000 00:00 0 
7fd60c000000-7fd60c021000 rw-p 00000000 00:00 0 
7fd60c021000-7fd610000000 ---p 00000000 00:00 0 
7fd610000000-7fd610021000 rw-p 00000000 00:00 0 
7fd610021000-7fd614000000 ---p 00000000 00:00 0 
7fd614000000-7fd614021000 rw-p 00000000 00:00 0 
7fd614021000-7fd618000000 ---p 00000000 00:00 0 
7fd618000000-7fd618021000 rw-p 00000000 00:00 0 
7fd618021000-7fd61c000000 ---p 00000000 00:00 0 
7fd61d000000-7fd61d270000 rwxp 00000000 00:00 0 
7fd61d270000-7fd62005d000 rw-p 00000000 00:00 0 
7fd62005d000-7fd624000000 ---p 00000000 00:00 0 
7fd62566b000-7fd6258cc000 rw-p 00000000 00:00 0 
7fd6258cc000-7fd6259a3000 r--s 013fe000 08:07 790263                     /home/kevin/Development/Source/Android/platforms/android-19/android.jar
7fd6259a3000-7fd625eff000 rw-p 00000000 00:00 0 
7fd625eff000-7fd625f00000 ---p 00000000 00:00 0 
7fd625f00000-7fd626000000 rw-p 00000000 00:00 0                          [stack:10453]
7fd626000000-7fd626001000 ---p 00000000 00:00 0 
7fd626001000-7fd626101000 rw-p 00000000 00:00 0                          [stack:10452]
7fd626101000-7fd626102000 ---p 00000000 00:00 0 
7fd626102000-7fd626202000 rw-p 00000000 00:00 0                          [stack:10451]
7fd626202000-7fd626203000 ---p 00000000 00:00 0 
7fd626203000-7fd626303000 rw-p 00000000 00:00 0                          [stack:10450]
7fd626303000-7fd626304000 ---p 00000000 00:00 0 
7fd626304000-7fd626404000 rw-p 00000000 00:00 0                          [stack:10449]
7fd626404000-7fd626405000 ---p 00000000 00:00 0 
7fd626405000-7fd626505000 rw-p 00000000 00:00 0                          [stack:10448]
7fd626505000-7fd626506000 ---p 00000000 00:00 0 
7fd626506000-7fd626606000 rw-p 00000000 00:00 0                          [stack:10447]
7fd626606000-7fd626607000 ---p 00000000 00:00 0 
7fd626607000-7fd626712000 rw-p 00000000 00:00 0                          [stack:10446]
7fd626712000-7fd62675a000 rw-p 00000000 00:00 0 
7fd62675a000-7fd626784000 rw-p 00000000 00:00 0 
7fd626784000-7fd6269f3000 rw-p 00000000 00:00 0 
7fd6269f3000-7fd6269fe000 rw-p 00000000 00:00 0 
7fd6269fe000-7fd626a46000 rw-p 00000000 00:00 0 
7fd626a46000-7fd626a70000 rw-p 00000000 00:00 0 
7fd626a70000-7fd626cde000 rw-p 00000000 00:00 0 
7fd626cde000-7fd626cf4000 rw-p 00000000 00:00 0 
7fd626cf4000-7fd626e2b000 rw-p 00000000 00:00 0 
7fd626e2b000-7fd626e2c000 rw-p 00000000 00:00 0 
7fd626e2c000-7fd626e34000 r-xp 00000000 08:05 922365                     /usr/lib/jvm/java-7-openjdk-amd64/jre/lib/amd64/libzip.so
7fd626e34000-7fd627033000 ---p 00008000 08:05 922365                     /usr/lib/jvm/java-7-openjdk-amd64/jre/lib/amd64/libzip.so
7fd627033000-7fd627034000 r--p 00007000 08:05 922365                     /usr/lib/jvm/java-7-openjdk-amd64/jre/lib/amd64/libzip.so
7fd627034000-7fd627035000 rw-p 00008000 08:05 922365                     /usr/lib/jvm/java-7-openjdk-amd64/jre/lib/amd64/libzip.so
7fd627035000-7fd627040000 r-xp 00000000 08:05 661246                     /lib/x86_64-linux-gnu/libnss_files-2.19.so
7fd627040000-7fd62723f000 ---p 0000b000 08:05 661246                     /lib/x86_64-linux-gnu/libnss_files-2.19.so
7fd62723f000-7fd627240000 r--p 0000a000 08:05 661246                     /lib/x86_64-linux-gnu/libnss_files-2.19.so
7fd627240000-7fd627241000 rw-p 0000b000 08:05 661246                     /lib/x86_64-linux-gnu/libnss_files-2.19.so
7fd627241000-7fd62724c000 r-xp 00000000 08:05 661248                     /lib/x86_64-linux-gnu/libnss_nis-2.19.so
7fd62724c000-7fd62744b000 ---p 0000b000 08:05 661248                     /lib/x86_64-linux-gnu/libnss_nis-2.19.so
7fd62744b000-7fd62744c000 r--p 0000a000 08:05 661248                     /lib/x86_64-linux-gnu/libnss_nis-2.19.so
7fd62744c000-7fd62744d000 rw-p 0000b000 08:05 661248                     /lib/x86_64-linux-gnu/libnss_nis-2.19.so
7fd62744d000-7fd627464000 r-xp 00000000 08:05 661217                     /lib/x86_64-linux-gnu/libnsl-2.19.so
7fd627464000-7fd627663000 ---p 00017000 08:05 661217                     /lib/x86_64-linux-gnu/libnsl-2.19.so
7fd627663000-7fd627664000 r--p 00016000 08:05 661217                     /lib/x86_64-linux-gnu/libnsl-2.19.so
7fd627664000-7fd627665000 rw-p 00017000 08:05 661217                     /lib/x86_64-linux-gnu/libnsl-2.19.so
7fd627665000-7fd627667000 rw-p 00000000 00:00 0 
7fd627667000-7fd627670000 r-xp 00000000 08:05 661191                     /lib/x86_64-linux-gnu/libnss_compat-2.19.so
7fd627670000-7fd62786f000 ---p 00009000 08:05 661191                     /lib/x86_64-linux-gnu/libnss_compat-2.19.so
7fd62786f000-7fd627870000 r--p 00008000 08:05 661191                     /lib/x86_64-linux-gnu/libnss_compat-2.19.so
7fd627870000-7fd627871000 rw-p 00009000 08:05 661191                     /lib/x86_64-linux-gnu/libnss_compat-2.19.so
7fd627871000-7fd62789c000 r-xp 00000000 08:05 918747                     /usr/lib/jvm/java-7-openjdk-amd64/jre/lib/amd64/libjava.so
7fd62789c000-7fd627a9c000 ---p 0002b000 08:05 918747                     /usr/lib/jvm/java-7-openjdk-amd64/jre/lib/amd64/libjava.so
7fd627a9c000-7fd627a9d000 r--p 0002b000 08:05 918747                     /usr/lib/jvm/java-7-openjdk-amd64/jre/lib/amd64/libjava.so
7fd627a9d000-7fd627a9f000 rw-p 0002c000 08:05 918747                     /usr/lib/jvm/java-7-openjdk-amd64/jre/lib/amd64/libjava.so
7fd627a9f000-7fd627aaf000 r-xp 00000000 08:05 929620                     /usr/lib/jvm/java-7-openjdk-amd64/jre/lib/amd64/libverify.so
7fd627aaf000-7fd627cae000 ---p 00010000 08:05 929620                     /usr/lib/jvm/java-7-openjdk-amd64/jre/lib/amd64/libverify.so
7fd627cae000-7fd627cb0000 r--p 0000f000 08:05 929620                     /usr/lib/jvm/java-7-openjdk-amd64/jre/lib/amd64/libverify.so
7fd627cb0000-7fd627cb1000 rw-p 00011000 08:05 929620                     /usr/lib/jvm/java-7-openjdk-amd64/jre/lib/amd64/libverify.so
7fd627cb1000-7fd627cb8000 r-xp 00000000 08:05 661222                     /lib/x86_64-linux-gnu/librt-2.19.so
7fd627cb8000-7fd627eb7000 ---p 00007000 08:05 661222                     /lib/x86_64-linux-gnu/librt-2.19.so
7fd627eb7000-7fd627eb8000 r--p 00006000 08:05 661222                     /lib/x86_64-linux-gnu/librt-2.19.so
7fd627eb8000-7fd627eb9000 rw-p 00007000 08:05 661222                     /lib/x86_64-linux-gnu/librt-2.19.so
7fd627eb9000-7fd627ecf000 r-xp 00000000 08:05 658656                     /lib/x86_64-linux-gnu/libgcc_s.so.1
7fd627ecf000-7fd6280ce000 ---p 00016000 08:05 658656                     /lib/x86_64-linux-gnu/libgcc_s.so.1
7fd6280ce000-7fd6280cf000 rw-p 00015000 08:05 658656                     /lib/x86_64-linux-gnu/libgcc_s.so.1
7fd6280cf000-7fd6281d4000 r-xp 00000000 08:05 661238                     /lib/x86_64-linux-gnu/libm-2.19.so
7fd6281d4000-7fd6283d3000 ---p 00105000 08:05 661238                     /lib/x86_64-linux-gnu/libm-2.19.so
7fd6283d3000-7fd6283d4000 r--p 00104000 08:05 661238                     /lib/x86_64-linux-gnu/libm-2.19.so
7fd6283d4000-7fd6283d5000 rw-p 00105000 08:05 661238                     /lib/x86_64-linux-gnu/libm-2.19.so
7fd6283d5000-7fd6284bb000 r-xp 00000000 08:05 927722                     /usr/lib/x86_64-linux-gnu/libstdc++.so.6.0.19
7fd6284bb000-7fd6286ba000 ---p 000e6000 08:05 927722                     /usr/lib/x86_64-linux-gnu/libstdc++.so.6.0.19
7fd6286ba000-7fd6286c2000 r--p 000e5000 08:05 927722                     /usr/lib/x86_64-linux-gnu/libstdc++.so.6.0.19
7fd6286c2000-7fd6286c4000 rw-p 000ed000 08:05 927722                     /usr/lib/x86_64-linux-gnu/libstdc++.so.6.0.19
7fd6286c4000-7fd6286d9000 rw-p 00000000 00:00 0 
7fd6286d9000-7fd6291ef000 r-xp 00000000 08:05 929633                     /usr/lib/jvm/java-7-openjdk-amd64/jre/lib/amd64/server/libjvm.so
7fd6291ef000-7fd6293ee000 ---p 00b16000 08:05 929633                     /usr/lib/jvm/java-7-openjdk-amd64/jre/lib/amd64/server/libjvm.so
7fd6293ee000-7fd629488000 r--p 00b15000 08:05 929633                     /usr/lib/jvm/java-7-openjdk-amd64/jre/lib/amd64/server/libjvm.so
7fd629488000-7fd6294ab000 rw-p 00baf000 08:05 929633                     /usr/lib/jvm/java-7-openjdk-amd64/jre/lib/amd64/server/libjvm.so
7fd6294ab000-7fd6294d9000 rw-p 00000000 00:00 0 
7fd6294d9000-7fd6294f1000 r-xp 00000000 08:05 658791                     /lib/x86_64-linux-gnu/libz.so.1.2.8
7fd6294f1000-7fd6296f0000 ---p 00018000 08:05 658791                     /lib/x86_64-linux-gnu/libz.so.1.2.8
7fd6296f0000-7fd6296f1000 r--p 00017000 08:05 658791                     /lib/x86_64-linux-gnu/libz.so.1.2.8
7fd6296f1000-7fd6296f2000 rw-p 00018000 08:05 658791                     /lib/x86_64-linux-gnu/libz.so.1.2.8
7fd6296f2000-7fd62970b000 r-xp 00000000 08:05 661256                     /lib/x86_64-linux-gnu/libpthread-2.19.so
7fd62970b000-7fd62990a000 ---p 00019000 08:05 661256                     /lib/x86_64-linux-gnu/libpthread-2.19.so
7fd62990a000-7fd62990b000 r--p 00018000 08:05 661256                     /lib/x86_64-linux-gnu/libpthread-2.19.so
7fd62990b000-7fd62990c000 rw-p 00019000 08:05 661256                     /lib/x86_64-linux-gnu/libpthread-2.19.so
7fd62990c000-7fd629910000 rw-p 00000000 00:00 0 
7fd629910000-7fd629913000 r-xp 00000000 08:05 661255                     /lib/x86_64-linux-gnu/libdl-2.19.so
7fd629913000-7fd629b12000 ---p 00003000 08:05 661255                     /lib/x86_64-linux-gnu/libdl-2.19.so
7fd629b12000-7fd629b13000 r--p 00002000 08:05 661255                     /lib/x86_64-linux-gnu/libdl-2.19.so
7fd629b13000-7fd629b14000 rw-p 00003000 08:05 661255                     /lib/x86_64-linux-gnu/libdl-2.19.so
7fd629b14000-7fd629ccf000 r-xp 00000000 08:05 661230                     /lib/x86_64-linux-gnu/libc-2.19.so
7fd629ccf000-7fd629ecf000 ---p 001bb000 08:05 661230                     /lib/x86_64-linux-gnu/libc-2.19.so
7fd629ecf000-7fd629ed3000 r--p 001bb000 08:05 661230                     /lib/x86_64-linux-gnu/libc-2.19.so
7fd629ed3000-7fd629ed5000 rw-p 001bf000 08:05 661230                     /lib/x86_64-linux-gnu/libc-2.19.so
7fd629ed5000-7fd629eda000 rw-p 00000000 00:00 0 
7fd629eda000-7fd629ee7000 r-xp 00000000 08:05 929638                     /usr/lib/jvm/java-7-openjdk-amd64/jre/lib/amd64/jli/libjli.so
7fd629ee7000-7fd62a0e6000 ---p 0000d000 08:05 929638                     /usr/lib/jvm/java-7-openjdk-amd64/jre/lib/amd64/jli/libjli.so
7fd62a0e6000-7fd62a0e7000 r--p 0000c000 08:05 929638                     /usr/lib/jvm/java-7-openjdk-amd64/jre/lib/amd64/jli/libjli.so
7fd62a0e7000-7fd62a0e8000 rw-p 0000d000 08:05 929638                     /usr/lib/jvm/java-7-openjdk-amd64/jre/lib/amd64/jli/libjli.so
7fd62a0e8000-7fd62a10b000 r-xp 00000000 08:05 661234                     /lib/x86_64-linux-gnu/ld-2.19.so
7fd62a11d000-7fd62a127000 rw-p 00000000 00:00 0 
7fd62a127000-7fd62a1dd000 rw-p 00000000 00:00 0 
7fd62a1dd000-7fd62a1e0000 ---p 00000000 00:00 0 
7fd62a1e0000-7fd62a2e3000 rw-p 00000000 00:00 0                          [stack:10445]
7fd62a2fc000-7fd62a2fe000 rw-p 00000000 00:00 0 
7fd62a2fe000-7fd62a306000 rw-s 00000000 08:05 8496                       /tmp/hsperfdata_kevin/10440
7fd62a306000-7fd62a307000 rw-p 00000000 00:00 0 
7fd62a307000-7fd62a308000 r--p 00000000 00:00 0 
7fd62a308000-7fd62a30a000 rw-p 00000000 00:00 0 
7fd62a30a000-7fd62a30b000 r--p 00022000 08:05 661234                     /lib/x86_64-linux-gnu/ld-2.19.so
7fd62a30b000-7fd62a30c000 rw-p 00023000 08:05 661234                     /lib/x86_64-linux-gnu/ld-2.19.so
7fd62a30c000-7fd62a30d000 rw-p 00000000 00:00 0 
7fffa6812000-7fffa6833000 rw-p 00000000 00:00 0                          [stack]
7fffa696f000-7fffa6971000 r-xp 00000000 00:00 0                          [vdso]
ffffffffff600000-ffffffffff601000 r-xp 00000000 00:00 0                  [vsyscall]

VM Arguments:
jvm_args: -Dfile.encoding=UTF-8 -Xbootclasspath:/home/kevin/Development/Source/Android/platforms/android-19/android.jar 
java_command: com.ksp.database.MessageHandler
Launcher Type: SUN_STANDARD

Environment Variables:
PATH=/usr/local/sbin:/usr/local/bin:/usr/sbin:/usr/bin:/sbin:/bin:/usr/games:/usr/local/games:/home/kevin/.rvm/bin
USERNAME=kevin
SHELL=/bin/bash
DISPLAY=:0

Signal Handlers:
SIGSEGV: [libjvm.so+0x949110], sa_mask[0]=0x7ffbfeff, sa_flags=0x10000004
SIGBUS: [libjvm.so+0x949110], sa_mask[0]=0x7ffbfeff, sa_flags=0x10000004
SIGFPE: [libjvm.so+0x7c2e80], sa_mask[0]=0x7ffbfeff, sa_flags=0x10000004
SIGPIPE: [libjvm.so+0x7c2e80], sa_mask[0]=0x7ffbfeff, sa_flags=0x10000004
SIGXFSZ: [libjvm.so+0x7c2e80], sa_mask[0]=0x7ffbfeff, sa_flags=0x10000004
SIGILL: [libjvm.so+0x7c2e80], sa_mask[0]=0x7ffbfeff, sa_flags=0x10000004
SIGUSR1: SIG_DFL, sa_mask[0]=0x00000000, sa_flags=0x00000000
SIGUSR2: [libjvm.so+0x7c2d20], sa_mask[0]=0x00000004, sa_flags=0x10000004
SIGHUP: SIG_DFL, sa_mask[0]=0x00000000, sa_flags=0x00000000
SIGINT: SIG_DFL, sa_mask[0]=0x00000000, sa_flags=0x00000000
SIGTERM: SIG_DFL, sa_mask[0]=0x00000000, sa_flags=0x00000000
SIGQUIT: SIG_DFL, sa_mask[0]=0x00000000, sa_flags=0x00000000
SIGTRAP: SIG_DFL, sa_mask[0]=0x00000000, sa_flags=0x00000000


---------------  S Y S T E M  ---------------

OS:LinuxMint 17 (qiana)
uname:Linux 3.13.0-24-generic #46-Ubuntu SMP Thu Apr 10 19:11:08 UTC 2014 x86_64
libc:glibc 2.19 NPTL 2.19 
rlimit: STACK 8192k, CORE 0k, NPROC 63551, NOFILE 4096, AS infinity
load average:0.26 0.32 0.48

/proc/meminfo:
MemTotal:        8165044 kB
MemFree:         2955764 kB
Buffers:          304800 kB
Cached:          2304432 kB
SwapCached:            0 kB
Active:          2980032 kB
Inactive:        1459960 kB
Active(anon):    1832208 kB
Inactive(anon):    53112 kB
Active(file):    1147824 kB
Inactive(file):  1406848 kB
Unevictable:           0 kB
Mlocked:               0 kB
SwapTotal:      15998972 kB
SwapFree:       15998972 kB
Dirty:               208 kB
Writeback:             0 kB
AnonPages:       1830756 kB
Mapped:           350640 kB
Shmem:             54568 kB
Slab:             578708 kB
SReclaimable:     533376 kB
SUnreclaim:        45332 kB
KernelStack:        5144 kB
PageTables:        48316 kB
NFS_Unstable:          0 kB
Bounce:                0 kB
WritebackTmp:          0 kB
CommitLimit:    20081492 kB
Committed_AS:    5506256 kB
VmallocTotal:   34359738367 kB
VmallocUsed:      322680 kB
VmallocChunk:   34359408124 kB
HardwareCorrupted:     0 kB
AnonHugePages:    712704 kB
HugePages_Total:       0
HugePages_Free:        0
HugePages_Rsvd:        0
HugePages_Surp:        0
Hugepagesize:       2048 kB
DirectMap4k:      234392 kB
DirectMap2M:     8142848 kB


CPU:total 8 (4 cores per cpu, 2 threads per core) family 6 model 30 stepping 5, cmov, cx8, fxsr, mmx, sse, sse2, sse3, ssse3, sse4.1, sse4.2, popcnt, ht, tsc, tscinvbit

/proc/cpuinfo:
processor	: 0
vendor_id	: GenuineIntel
cpu family	: 6
model		: 30
model name	: Intel(R) Core(TM) i7 CPU       Q 740  @ 1.73GHz
stepping	: 5
microcode	: 0x3
cpu MHz		: 931.000
cache size	: 6144 KB
physical id	: 0
siblings	: 8
core id		: 0
cpu cores	: 4
apicid		: 0
initial apicid	: 0
fpu		: yes
fpu_exception	: yes
cpuid level	: 11
wp		: yes
flags		: fpu vme de pse tsc msr pae mce cx8 apic sep mtrr pge mca cmov pat pse36 clflush dts acpi mmx fxsr sse sse2 ss ht tm pbe syscall nx rdtscp lm constant_tsc arch_perfmon pebs bts rep_good nopl xtopology nonstop_tsc aperfmperf pni dtes64 monitor ds_cpl vmx smx est tm2 ssse3 cx16 xtpr pdcm sse4_1 sse4_2 popcnt lahf_lm ida dtherm tpr_shadow vnmi flexpriority ept vpid
bogomips	: 3457.74
clflush size	: 64
cache_alignment	: 64
address sizes	: 36 bits physical, 48 bits virtual
power management:

processor	: 1
vendor_id	: GenuineIntel
cpu family	: 6
model		: 30
model name	: Intel(R) Core(TM) i7 CPU       Q 740  @ 1.73GHz
stepping	: 5
microcode	: 0x3
cpu MHz		: 1730.000
cache size	: 6144 KB
physical id	: 0
siblings	: 8
core id		: 1
cpu cores	: 4
apicid		: 2
initial apicid	: 2
fpu		: yes
fpu_exception	: yes
cpuid level	: 11
wp		: yes
flags		: fpu vme de pse tsc msr pae mce cx8 apic sep mtrr pge mca cmov pat pse36 clflush dts acpi mmx fxsr sse sse2 ss ht tm pbe syscall nx rdtscp lm constant_tsc arch_perfmon pebs bts rep_good nopl xtopology nonstop_tsc aperfmperf pni dtes64 monitor ds_cpl vmx smx est tm2 ssse3 cx16 xtpr pdcm sse4_1 sse4_2 popcnt lahf_lm ida dtherm tpr_shadow vnmi flexpriority ept vpid
bogomips	: 3457.74
clflush size	: 64
cache_alignment	: 64
address sizes	: 36 bits physical, 48 bits virtual
power management:

processor	: 2
vendor_id	: GenuineIntel
cpu family	: 6
model		: 30
model name	: Intel(R) Core(TM) i7 CPU       Q 740  @ 1.73GHz
stepping	: 5
microcode	: 0x3
cpu MHz		: 931.000
cache size	: 6144 KB
physical id	: 0
siblings	: 8
core id		: 2
cpu cores	: 4
apicid		: 4
initial apicid	: 4
fpu		: yes
fpu_exception	: yes
cpuid level	: 11
wp		: yes
flags		: fpu vme de pse tsc msr pae mce cx8 apic sep mtrr pge mca cmov pat pse36 clflush dts acpi mmx fxsr sse sse2 ss ht tm pbe syscall nx rdtscp lm constant_tsc arch_perfmon pebs bts rep_good nopl xtopology nonstop_tsc aperfmperf pni dtes64 monitor ds_cpl vmx smx est tm2 ssse3 cx16 xtpr pdcm sse4_1 sse4_2 popcnt lahf_lm ida dtherm tpr_shadow vnmi flexpriority ept vpid
bogomips	: 3457.74
clflush size	: 64
cache_alignment	: 64
address sizes	: 36 bits physical, 48 bits virtual
power management:

processor	: 3
vendor_id	: GenuineIntel
cpu family	: 6
model		: 30
model name	: Intel(R) Core(TM) i7 CPU       Q 740  @ 1.73GHz
stepping	: 5
microcode	: 0x3
cpu MHz		: 1730.000
cache size	: 6144 KB
physical id	: 0
siblings	: 8
core id		: 3
cpu cores	: 4
apicid		: 6
initial apicid	: 6
fpu		: yes
fpu_exception	: yes
cpuid level	: 11
wp		: yes
flags		: fpu vme de pse tsc msr pae mce cx8 apic sep mtrr pge mca cmov pat pse36 clflush dts acpi mmx fxsr sse sse2 ss ht tm pbe syscall nx rdtscp lm constant_tsc arch_perfmon pebs bts rep_good nopl xtopology nonstop_tsc aperfmperf pni dtes64 monitor ds_cpl vmx smx est tm2 ssse3 cx16 xtpr pdcm sse4_1 sse4_2 popcnt lahf_lm ida dtherm tpr_shadow vnmi flexpriority ept vpid
bogomips	: 3457.74
clflush size	: 64
cache_alignment	: 64
address sizes	: 36 bits physical, 48 bits virtual
power management:

processor	: 4
vendor_id	: GenuineIntel
cpu family	: 6
model		: 30
model name	: Intel(R) Core(TM) i7 CPU       Q 740  @ 1.73GHz
stepping	: 5
microcode	: 0x3
cpu MHz		: 1730.000
cache size	: 6144 KB
physical id	: 0
siblings	: 8
core id		: 0
cpu cores	: 4
apicid		: 1
initial apicid	: 1
fpu		: yes
fpu_exception	: yes
cpuid level	: 11
wp		: yes
flags		: fpu vme de pse tsc msr pae mce cx8 apic sep mtrr pge mca cmov pat pse36 clflush dts acpi mmx fxsr sse sse2 ss ht tm pbe syscall nx rdtscp lm constant_tsc arch_perfmon pebs bts rep_good nopl xtopology nonstop_tsc aperfmperf pni dtes64 monitor ds_cpl vmx smx est tm2 ssse3 cx16 xtpr pdcm sse4_1 sse4_2 popcnt lahf_lm ida dtherm tpr_shadow vnmi flexpriority ept vpid
bogomips	: 3457.74
clflush size	: 64
cache_alignment	: 64
address sizes	: 36 bits physical, 48 bits virtual
power management:

processor	: 5
vendor_id	: GenuineIntel
cpu family	: 6
model		: 30
model name	: Intel(R) Core(TM) i7 CPU       Q 740  @ 1.73GHz
stepping	: 5
microcode	: 0x3
cpu MHz		: 1730.000
cache size	: 6144 KB
physical id	: 0
siblings	: 8
core id		: 1
cpu cores	: 4
apicid		: 3
initial apicid	: 3
fpu		: yes
fpu_exception	: yes
cpuid level	: 11
wp		: yes
flags		: fpu vme de pse tsc msr pae mce cx8 apic sep mtrr pge mca cmov pat pse36 clflush dts acpi mmx fxsr sse sse2 ss ht tm pbe syscall nx rdtscp lm constant_tsc arch_perfmon pebs bts rep_good nopl xtopology nonstop_tsc aperfmperf pni dtes64 monitor ds_cpl vmx smx est tm2 ssse3 cx16 xtpr pdcm sse4_1 sse4_2 popcnt lahf_lm ida dtherm tpr_shadow vnmi flexpriority ept vpid
bogomips	: 3457.74
clflush size	: 64
cache_alignment	: 64
address sizes	: 36 bits physical, 48 bits virtual
power management:

processor	: 6
vendor_id	: GenuineIntel
cpu family	: 6
model		: 30
model name	: Intel(R) Core(TM) i7 CPU       Q 740  @ 1.73GHz
stepping	: 5
microcode	: 0x3
cpu MHz		: 931.000
cache size	: 6144 KB
physical id	: 0
siblings	: 8
core id		: 2
cpu cores	: 4
apicid		: 5
initial apicid	: 5
fpu		: yes
fpu_exception	: yes
cpuid level	: 11
wp		: yes
flags		: fpu vme de pse tsc msr pae mce cx8 apic sep mtrr pge mca cmov pat pse36 clflush dts acpi mmx fxsr sse sse2 ss ht tm pbe syscall nx rdtscp lm constant_tsc arch_perfmon pebs bts rep_good nopl xtopology nonstop_tsc aperfmperf pni dtes64 monitor ds_cpl vmx smx est tm2 ssse3 cx16 xtpr pdcm sse4_1 sse4_2 popcnt lahf_lm ida dtherm tpr_shadow vnmi flexpriority ept vpid
bogomips	: 3457.74
clflush size	: 64
cache_alignment	: 64
address sizes	: 36 bits physical, 48 bits virtual
power management:

processor	: 7
vendor_id	: GenuineIntel
cpu family	: 6
model		: 30
model name	: Intel(R) Core(TM) i7 CPU       Q 740  @ 1.73GHz
stepping	: 5
microcode	: 0x3
cpu MHz		: 1730.000
cache size	: 6144 KB
physical id	: 0
siblings	: 8
core id		: 3
cpu cores	: 4
apicid		: 7
initial apicid	: 7
fpu		: yes
fpu_exception	: yes
cpuid level	: 11
wp		: yes
flags		: fpu vme de pse tsc msr pae mce cx8 apic sep mtrr pge mca cmov pat pse36 clflush dts acpi mmx fxsr sse sse2 ss ht tm pbe syscall nx rdtscp lm constant_tsc arch_perfmon pebs bts rep_good nopl xtopology nonstop_tsc aperfmperf pni dtes64 monitor ds_cpl vmx smx est tm2 ssse3 cx16 xtpr pdcm sse4_1 sse4_2 popcnt lahf_lm ida dtherm tpr_shadow vnmi flexpriority ept vpid
bogomips	: 3457.74
clflush size	: 64
cache_alignment	: 64
address sizes	: 36 bits physical, 48 bits virtual
power management:



Memory: 4k page, physical 8165044k(2955764k free), swap 15998972k(15998972k free)

vm_info: OpenJDK 64-Bit Server VM (24.65-b04) for linux-amd64 JRE (1.7.0_65-b32), built on Aug 23 2014 13:33:31 by "buildd" with gcc 4.8.2

time: Tue Sep  9 23:46:44 2014
elapsed time: 0 seconds

